2026-06-12 00:03:22,276 [I] INFO: Iniciando proceso general de Ingesta (Etapa 1)
2026-06-12 00:03:22,289 [I] INFO: Lectura exitosa -> origen: productos | registros: 40 | dimensiones: 5 | total_nulos: 0
2026-06-12 00:03:22,304 [I] INFO: Lectura exitosa -> origen: clientes | registros: 284 | dimensiones: 8 | total_nulos: 31
2026-06-12 00:03:22,317 [I] INFO: Lectura exitosa -> origen: pedidos | registros: 460 | dimensiones: 9 | total_nulos: 121
2026-06-12 00:03:22,318 [I] INFO: Fase 1 finalizada | Componentes: 3 | Suma registros: 784
2026-06-12 00:03:46,579 [I] INFO: ================================================================================
2026-06-12 00:03:46,579 [I] INFO: ARRANQUE DE SISTEMA: PIPELINE DE DATOSuv2.0
2026-06-12 00:03:46,642 [I] INFO: ================================================================================
2026-06-12 00:03:46,642 [I] INFO: ==> Iniciando Operación: 1. Extracción e Ingesta Cruda
2026-06-12 00:03:46,643 [I] INFO: Iniciando proceso general de Ingesta (Etapa 1)
2026-06-12 00:03:46,667 [I] INFO: Lectura exitosa -> origen: productos | registros: 40 | dimensiones: 5 | total_nulos: 0
2026-06-12 00:03:46,693 [I] INFO: Lectura exitosa -> origen: clientes | registros: 284 | dimensiones: 8 | total_nulos: 31
2026-06-12 00:03:46,714 [I] INFO: Lectura exitosa -> origen: pedidos | registros: 460 | dimensiones: 9 | total_nulos: 121
2026-06-12 00:03:46,715 [I] INFO: Fase 1 finalizada | Componentes: 3 | Suma registros: 784
2026-06-12 00:03:46,715 [I] INFO:  Status: OK -> Operación '1. Extracción e Ingesta Cruda' completada.
2026-06-12 00:03:46,715 [I] INFO: ==> Iniciando Operación: 2. Depuración, Normalización e Ingeniería de Atributos
2026-06-12 00:03:46,715 [I] INFO: Ejecutando la Etapa 2 del Pipeline
2026-06-12 00:03:46,720 [I] INFO: Limpieza Productos finalizada. Original: 40 -> Depurado: 40
2026-06-12 00:03:46,742 [I] INFO: Limpieza Clientes finalizada. Original: 284 -> Depurado: 270
2026-06-12 00:03:46,766 [I] INFO: Limpieza Pedidos finalizada. Original: 460 -> Depurado: 450
2026-06-12 00:03:46,783 [I] INFO:  Status: OK -> Operación '2. Depuración, Normalización e Ingeniería de Atributos' completada.
2026-06-12 00:03:46,784 [I] INFO: ==> Iniciando Operación: 3. Evaluación Estructural y Reglas Semánticas
2026-06-12 00:03:46,784 [I] INFO: Dando inicio a la Etapa 3 (Control de Calidad)
2026-06-12 00:03:46,909 [I] INFO: Validación estructural exitosa para: productos
2026-06-12 00:03:47,045 [I] INFO: Validación concluida. Registros aprobados totales: 683
2026-06-12 00:03:47,046 [I] INFO:  Status: OK -> Operación '3. Evaluación Estructural y Reglas Semánticas' completada.
2026-06-12 00:03:47,046 [I] INFO: ==> Iniciando Operación: 4. Inserción Masiva y Control en Motor SQLite
2026-06-12 00:03:47,103 [I] INFO: Lectura pre-carga -> Clientes: 248, Productos: 40, Pedidos: 395
2026-06-12 00:03:47,108 [I] INFO: Infraestructura de Tablas e Índices creada/verificada.
2026-06-12 00:03:47,183 [I] INFO: Truncado previo realizado sobre tabla: clientes
2026-06-12 00:03:47,204 [I] INFO: Escritura Completa: tabla=clientes | total_filas=248
2026-06-12 00:03:47,218 [I] INFO: Truncado previo realizado sobre tabla: productos
2026-06-12 00:03:47,234 [I] INFO: Escritura Completa: tabla=productos | total_filas=40
2026-06-12 00:03:47,248 [I] INFO: Truncado previo realizado sobre tabla: pedidos
2026-06-12 00:03:47,270 [I] INFO: Escritura Completa: tabla=pedidos | total_filas=395
2026-06-12 00:03:47,273 [I] WARNING: Falla crítica post-carga: 27 llaves foráneas rotas detected.
2026-06-12 00:03:47,275 [I] INFO: Métricas BD final -> Clientes: 248 | Productos: 40 | Pedidos: 395 | Ventas: 32956460
2026-06-12 00:03:47,275 [I] INFO: Fase de persistencia concluida. Registros totales en BD: 683
2026-06-12 00:03:47,276 [I] INFO:  Status: OK -> Operación '4. Inserción Masiva y Control en Motor SQLite' completada.
2026-06-12 00:03:47,276 [I] INFO: ================================================================================
2026-06-12 00:03:47,276 [I] INFO: SISTEMA: PROCESAMIENTO COMPLETADO ABSOLUTAMENTE CON ÉXITO
2026-06-12 00:03:47,276 [I] INFO: ================================================================================
