2026-07-10 04:16:42,976 | INFO | Inicio de carga a base de datos
2026-07-10 04:16:42,976 | INFO | Fecha: 2026-07-10 04:16:42.976286
2026-07-10 04:16:42,976 | INFO | Base de datos: database/datamart.db
2026-07-10 04:16:42,976 | INFO | Registros cargados: 230
2026-07-10 04:16:42,976 | INFO | COMMIT ejecutado correctamente
2026-07-10 04:16:42,981 | INFO | Ventas por región:
       region  ventas_totales
        Maule     12094064.30
     OHiggins     11848037.39
       Biobio     11542656.97
Metropolitana     11085101.83
   Valparaiso     10914646.92
     Coquimbo      8900525.37
    Araucania      8178324.67
2026-07-10 04:16:42,982 | INFO | Ventas por categoría:
 categoria  ventas_totales
Tecnologia     27176762.44
      Moda     27116378.73
     Hogar     20270216.28
2026-07-10 04:16:42,982 | INFO | Etapa de carga finalizada correctamente
